<?xml version="1.0" encoding="UTF-8"?>
<!-- Generated by org.testng.reporters.JUnitXMLReporter -->
<testsuite ignored="0" hostname="ETech-PF3TXXMS" failures="1" tests="2" name="chrometest(failed)" time="71.096" errors="0" timestamp="2024-04-29T11:32:33 IST">
  <testcase classname="testCases.TC_002_LoginTest" name="loginOpenCart" time="11.236">
    <failure type="java.lang.AssertionError" message="expected [true] but found [false]">
      <![CDATA[java.lang.AssertionError: expected [true] but found [false]
at testCases.TC_002_LoginTest.loginOpenCart(TC_002_LoginTest.java:50)
at java.base/java.util.ArrayList.forEach(ArrayList.java:1511)
... Removed 31 stack frames]]>
    </failure>
  </testcase> <!-- loginOpenCart -->
  <testcase classname="testCases.TC_001_AccountRegistrationTest" name="verify_account_registration" time="2.265"/>
</testsuite> <!-- chrometest(failed) -->
